  0:00 ------------------------------------------------------------
  0:00 InitGame: \capturelimit\8\g_maxGameClients\0\sv_maxclients\8\timelimit\0\fraglimit\20\dmflags\0\sv_hostname\noname\sv_maxRate\0\sv_minPing\0\sv_maxPing\0\sv_floodProtect\1\g_redTeam\Stroggs\g_blueTeam\Pagans\version\Q3 1.32b win-x64-debug Oct  5 2020\g_gametype\0\protocol\68\mapname\q3dm7\sv_privateClients\0\sv_allowDownload\0\gamename\baseq3\g_needpass\0
  0:00 ClientConnect: 0
  0:00 ClientUserinfoChanged: 0 n\UnnamedPlayer\t\0\model\sarge\hmodel\sarge\g_redteam\\g_blueteam\\c1\4\c2\5\hc\100\w\0\l\0\tt\0\tl\0
  0:00 ClientUserinfoChanged: 0 n\UnnamedPlayer\t\0\model\sarge\hmodel\sarge\g_redteam\\g_blueteam\\c1\4\c2\5\hc\100\w\0\l\0\tt\0\tl\0
  0:00 ClientBegin: 0
  0:06 say: UnnamedPlayer: quit
  0:08 ShutdownGame:
  0:08 ------------------------------------------------------------
  0:00 ------------------------------------------------------------
  0:00 InitGame: \g_blueTeam\Pagans\g_redTeam\Stroggs\sv_floodProtect\1\sv_maxPing\0\sv_minPing\0\sv_maxRate\0\sv_hostname\noname\dmflags\0\fraglimit\20\timelimit\0\sv_maxclients\8\g_maxGameClients\0\capturelimit\8\version\Q3 1.32b win-x64-debug Oct  5 2020\g_gametype\0\protocol\68\mapname\q3dm7\sv_privateClients\0\sv_allowDownload\0\gamename\baseq3\g_needpass\0
  0:00 ClientConnect: 0
  0:00 ClientUserinfoChanged: 0 n\UnnamedPlayer\t\0\model\sarge\hmodel\sarge\g_redteam\\g_blueteam\\c1\4\c2\5\hc\100\w\0\l\0\tt\0\tl\0
  0:01 ClientUserinfoChanged: 0 n\UnnamedPlayer\t\0\model\sarge\hmodel\sarge\g_redteam\\g_blueteam\\c1\4\c2\5\hc\100\w\0\l\0\tt\0\tl\0
  0:01 ClientBegin: 0
  0:06 ShutdownGame:
  0:06 ------------------------------------------------------------
  0:00 ------------------------------------------------------------
  0:00 InitGame: \g_blueTeam\Pagans\g_redTeam\Stroggs\sv_floodProtect\1\sv_maxPing\0\sv_minPing\0\sv_maxRate\0\sv_hostname\noname\dmflags\0\fraglimit\20\timelimit\0\sv_maxclients\8\g_maxGameClients\0\capturelimit\8\version\Q3 1.32b win-x64-debug Oct 17 2020\g_gametype\0\protocol\68\mapname\q3dm1\sv_privateClients\0\sv_allowDownload\0\gamename\baseq3\g_needpass\0
  0:00 ClientConnect: 0
  0:00 ClientUserinfoChanged: 0 n\UnnamedPlayer\t\0\model\sarge\hmodel\sarge\g_redteam\\g_blueteam\\c1\4\c2\5\hc\100\w\0\l\0\tt\0\tl\0
  0:00 ClientUserinfoChanged: 0 n\UnnamedPlayer\t\0\model\sarge\hmodel\sarge\g_redteam\\g_blueteam\\c1\4\c2\5\hc\100\w\0\l\0\tt\0\tl\0
  0:00 ClientBegin: 0
  0:11 Item: 0 weapon_rocketlauncher
  0:17 Item: 0 weapon_plasmagun
  0:23 Item: 0 weapon_rocketlauncher
  0:26 ShutdownGame:
  0:26 ------------------------------------------------------------
